{"level":"error"}
{"level":"error"}
{"level":"error"}
{"level":"error"}
{"level":"error"}
{"level":"error"}
{"level":"error"}
{"name":"JsonWebTokenError","message":"jwt must be provided","level":"error"}
{"name":"JsonWebTokenError","message":"jwt must be provided","level":"error"}
{"level":"error"}
{"level":"error"}
{"name":"TokenExpiredError","message":"jwt expired","expiredAt":"2021-08-29T12:52:18.000Z","level":"error"}
{"level":"error"}
{"level":"error"}
{"level":"error"}
{"level":"error"}
{"level":"error"}
{"level":"error","message":"!!! err is not defined","stack":"ReferenceError: err is not defined\n    at sendEmail (file:///Users/tiborzavadovics/Website%20Projects/Fitness_Fanatics/backend/src/utils/sendEmail.js:26:18)\n    at processTicksAndRejections (node:internal/process/task_queues:94:5)\n    at async Object.register (file:///Users/tiborzavadovics/Website%20Projects/Fitness_Fanatics/backend/src/services/userService.js:69:7)\n    at async post (file:///Users/tiborzavadovics/Website%20Projects/Fitness_Fanatics/backend/src/controllers/userController.js:19:20)"}
{"code":"EENVELOPE","command":"API","level":"error"}
{"code":"EENVELOPE","command":"API","level":"error"}
{"code":"EENVELOPE","command":"API","level":"error"}
{"code":"EENVELOPE","command":"API","level":"error"}
{"code":"EENVELOPE","command":"API","level":"error"}
{"_original":{"firstName":"Elod","lastName":"Teszt","email":"","password":"hahahaha"},"details":[{"message":"\"email\" is not allowed to be empty","path":["email"],"type":"string.empty","context":{"label":"email","value":"","key":"email"}}],"level":"error"}
{"_original":{"firstName":"Elod","lastName":"Teszt","email":"tesztelod@gmail.com","password":""},"details":[{"message":"\"password\" is not allowed to be empty","path":["password"],"type":"string.empty","context":{"label":"password","value":"","key":"password"}}],"level":"error"}
{"_original":{"firstName":"","lastName":"Teszt","email":"tesztelod@gmail.com","password":"mypassword"},"details":[{"message":"\"firstName\" is not allowed to be empty","path":["firstName"],"type":"string.empty","context":{"label":"firstName","value":"","key":"firstName"}}],"level":"error"}
{"_original":{"firstName":"Elemer","lastName":"","email":"tesztelod@gmail.com","password":"mypassword2"},"details":[{"message":"\"lastName\" is not allowed to be empty","path":["lastName"],"type":"string.empty","context":{"label":"lastName","value":"","key":"lastName"}}],"level":"error"}
{"_original":{"firstName":"Elemer","lastName":"Nagy","email":"tesztelodgmail.com","password":"mypassword"},"details":[{"message":"\"email\" must be a valid email","path":["email"],"type":"string.email","context":{"value":"tesztelodgmail.com","invalids":["tesztelodgmail.com"],"label":"email","key":"email"}}],"level":"error"}
{"_original":{"firstName":"Elemer","lastName":"Nagy","email":"tesztelod@gmail.com","password":"mypas"},"details":[{"message":"\"password\" length must be at least 8 characters long","path":["password"],"type":"string.min","context":{"limit":8,"value":"mypas","label":"password","key":"password"}}],"level":"error"}
{"_original":{"firstName":"Elod","lastName":"Teszt","email":"","password":"hahahaha"},"details":[{"message":"\"email\" is not allowed to be empty","path":["email"],"type":"string.empty","context":{"label":"email","value":"","key":"email"}}],"level":"error"}
{"_original":{"firstName":"Elod","lastName":"Teszt","email":"tesztelod@gmail.com","password":""},"details":[{"message":"\"password\" is not allowed to be empty","path":["password"],"type":"string.empty","context":{"label":"password","value":"","key":"password"}}],"level":"error"}
{"_original":{"firstName":"","lastName":"Teszt","email":"tesztelod@gmail.com","password":"mypassword"},"details":[{"message":"\"firstName\" is not allowed to be empty","path":["firstName"],"type":"string.empty","context":{"label":"firstName","value":"","key":"firstName"}}],"level":"error"}
{"_original":{"firstName":"Elemer","lastName":"","email":"tesztelod@gmail.com","password":"mypassword2"},"details":[{"message":"\"lastName\" is not allowed to be empty","path":["lastName"],"type":"string.empty","context":{"label":"lastName","value":"","key":"lastName"}}],"level":"error"}
{"_original":{"firstName":"Elemer","lastName":"Nagy","email":"tesztelodgmail.com","password":"mypassword"},"details":[{"message":"\"email\" must be a valid email","path":["email"],"type":"string.email","context":{"value":"tesztelodgmail.com","invalids":["tesztelodgmail.com"],"label":"email","key":"email"}}],"level":"error"}
{"_original":{"firstName":"Elemer","lastName":"Nagy","email":"tesztelod@gmail.com","password":"mypas"},"details":[{"message":"\"password\" length must be at least 8 characters long","path":["password"],"type":"string.min","context":{"limit":8,"value":"mypas","label":"password","key":"password"}}],"level":"error"}
{"_original":{"firstName":"Elod","lastName":"Teszt","email":"","password":"hahahaha"},"details":[{"message":"\"email\" is not allowed to be empty","path":["email"],"type":"string.empty","context":{"label":"email","value":"","key":"email"}}],"level":"error"}
{"_original":{"firstName":"Elod","lastName":"Teszt","email":"tesztelod@gmail.com","password":""},"details":[{"message":"\"password\" is not allowed to be empty","path":["password"],"type":"string.empty","context":{"label":"password","value":"","key":"password"}}],"level":"error"}
{"_original":{"firstName":"","lastName":"Teszt","email":"tesztelod@gmail.com","password":"mypassword"},"details":[{"message":"\"firstName\" is not allowed to be empty","path":["firstName"],"type":"string.empty","context":{"label":"firstName","value":"","key":"firstName"}}],"level":"error"}
{"_original":{"firstName":"Elemer","lastName":"","email":"tesztelod@gmail.com","password":"mypassword2"},"details":[{"message":"\"lastName\" is not allowed to be empty","path":["lastName"],"type":"string.empty","context":{"label":"lastName","value":"","key":"lastName"}}],"level":"error"}
{"_original":{"firstName":"Elemer","lastName":"Nagy","email":"tesztelodgmail.com","password":"mypassword"},"details":[{"message":"\"email\" must be a valid email","path":["email"],"type":"string.email","context":{"value":"tesztelodgmail.com","invalids":["tesztelodgmail.com"],"label":"email","key":"email"}}],"level":"error"}
{"_original":{"firstName":"Elemer","lastName":"Nagy","email":"tesztelod@gmail.com","password":"mypas"},"details":[{"message":"\"password\" length must be at least 8 characters long","path":["password"],"type":"string.min","context":{"limit":8,"value":"mypas","label":"password","key":"password"}}],"level":"error"}
